<?xml version="1.0" encoding="UTF-8"?>
<!-- Generated by org.testng.reporters.JUnitXMLReporter -->
<testsuite hostname="connsol4" ignored="0" name="AppointmentListingTestCase" tests="25" failures="0" timestamp="12 Jun 2018 12:20:33 GMT" time="0.806" errors="0">
  <testcase name="@BeforeClass setup" time="0.002" classname="com.clovedental.scripts.AppointmentListingTestCase">
    <failure type="org.openqa.selenium.NoSuchSessionException" message="Session ID is null. Using WebDriver after calling quit()?
Build info: version: &amp;apos;3.11.0&amp;apos;, revision: &amp;apos;e59cfb3&amp;apos;, time: &amp;apos;2018-03-11T20:33:15.31Z&amp;apos;
System info: host: &amp;apos;CONNSOL4&amp;apos;, ip: &amp;apos;192.168.1.227&amp;apos;, os.name: &amp;apos;Windows 8.1&amp;apos;, os.arch: &amp;apos;amd64&amp;apos;, os.version: &amp;apos;6.3&amp;apos;, java.version: &amp;apos;1.8.0_161&amp;apos;
Driver info: driver.version: PCDriver">
      <![CDATA[org.openqa.selenium.NoSuchSessionException: Session ID is null. Using WebDriver after calling quit()?
Build info: version: '3.11.0', revision: 'e59cfb3', time: '2018-03-11T20:33:15.31Z'
System info: host: 'CONNSOL4', ip: '192.168.1.227', os.name: 'Windows 8.1', os.arch: 'amd64', os.version: '6.3', java.version: '1.8.0_161'
Driver info: driver.version: PCDriver
at org.openqa.selenium.remote.HttpCommandExecutor.execute(HttpCommandExecutor.java:125)
at org.openqa.selenium.remote.service.DriverCommandExecutor.execute(DriverCommandExecutor.java:83)
at org.openqa.selenium.remote.RemoteWebDriver.execute(RemoteWebDriver.java:545)
at org.openqa.selenium.remote.RemoteWebDriver.executeScript(RemoteWebDriver.java:482)
at pageobjects.utils.PCDriver$1.apply(PCDriver.java:167)
at pageobjects.utils.PCDriver$1.apply(PCDriver.java:1)
at org.openqa.selenium.support.ui.FluentWait.until(FluentWait.java:248)
at pageobjects.utils.PCDriver.waitForPageLoad(PCDriver.java:171)
at com.clovedental.pageobject.AppointmnetAdd.LoginPage.login(LoginPage.java:30)
at com.clovedental.scripts.AppointmentListingTestCase.setup(AppointmentListingTestCase.java:69)
... Removed 26 stack frames]]>
    </failure>
  </testcase> <!-- @BeforeClass setup -->
  <testcase name="@BeforeMethod verifyAppointmentListHomePage" time="0.0" classname="com.clovedental.scripts.AppointmentListingTestCase">
    <skipped/>
  </testcase> <!-- @BeforeMethod verifyAppointmentListHomePage -->
  <testcase name="@AfterMethod verifyDoctorDashboard" time="0.0" classname="com.clovedental.scripts.AppointmentListingTestCase">
    <skipped/>
  </testcase> <!-- @AfterMethod verifyDoctorDashboard -->
  <testcase name="@BeforeMethod verifyAppointmentListHomePage" time="0.0" classname="com.clovedental.scripts.AppointmentListingTestCase">
    <skipped/>
  </testcase> <!-- @BeforeMethod verifyAppointmentListHomePage -->
  <testcase name="@AfterMethod verifyDoctorDashboard" time="0.0" classname="com.clovedental.scripts.AppointmentListingTestCase">
    <skipped/>
  </testcase> <!-- @AfterMethod verifyDoctorDashboard -->
  <testcase name="@BeforeMethod verifyAppointmentListHomePage" time="0.0" classname="com.clovedental.scripts.AppointmentListingTestCase">
    <skipped/>
  </testcase> <!-- @BeforeMethod verifyAppointmentListHomePage -->
  <testcase name="@AfterMethod verifyDoctorDashboard" time="0.0" classname="com.clovedental.scripts.AppointmentListingTestCase">
    <skipped/>
  </testcase> <!-- @AfterMethod verifyDoctorDashboard -->
  <testcase name="@BeforeMethod verifyAppointmentListHomePage" time="0.0" classname="com.clovedental.scripts.AppointmentListingTestCase">
    <skipped/>
  </testcase> <!-- @BeforeMethod verifyAppointmentListHomePage -->
  <testcase name="@AfterMethod verifyDoctorDashboard" time="0.0" classname="com.clovedental.scripts.AppointmentListingTestCase">
    <skipped/>
  </testcase> <!-- @AfterMethod verifyDoctorDashboard -->
  <testcase name="@BeforeMethod verifyAppointmentListHomePage" time="0.0" classname="com.clovedental.scripts.AppointmentListingTestCase">
    <skipped/>
  </testcase> <!-- @BeforeMethod verifyAppointmentListHomePage -->
  <testcase name="@AfterMethod verifyDoctorDashboard" time="0.0" classname="com.clovedental.scripts.AppointmentListingTestCase">
    <skipped/>
  </testcase> <!-- @AfterMethod verifyDoctorDashboard -->
  <testcase name="@BeforeMethod verifyAppointmentListHomePage" time="0.0" classname="com.clovedental.scripts.AppointmentListingTestCase">
    <skipped/>
  </testcase> <!-- @BeforeMethod verifyAppointmentListHomePage -->
  <testcase name="@AfterMethod verifyDoctorDashboard" time="0.0" classname="com.clovedental.scripts.AppointmentListingTestCase">
    <skipped/>
  </testcase> <!-- @AfterMethod verifyDoctorDashboard -->
  <testcase name="@BeforeMethod verifyAppointmentListHomePage" time="0.0" classname="com.clovedental.scripts.AppointmentListingTestCase">
    <skipped/>
  </testcase> <!-- @BeforeMethod verifyAppointmentListHomePage -->
  <testcase name="@AfterMethod verifyDoctorDashboard" time="0.0" classname="com.clovedental.scripts.AppointmentListingTestCase">
    <skipped/>
  </testcase> <!-- @AfterMethod verifyDoctorDashboard -->
  <testcase name="@BeforeMethod verifyAppointmentListHomePage" time="0.0" classname="com.clovedental.scripts.AppointmentListingTestCase">
    <skipped/>
  </testcase> <!-- @BeforeMethod verifyAppointmentListHomePage -->
  <testcase name="@AfterMethod verifyDoctorDashboard" time="0.0" classname="com.clovedental.scripts.AppointmentListingTestCase">
    <skipped/>
  </testcase> <!-- @AfterMethod verifyDoctorDashboard -->
  <testcase name="@BeforeMethod verifyAppointmentListHomePage" time="0.0" classname="com.clovedental.scripts.AppointmentListingTestCase">
    <skipped/>
  </testcase> <!-- @BeforeMethod verifyAppointmentListHomePage -->
  <testcase name="@AfterMethod verifyDoctorDashboard" time="0.0" classname="com.clovedental.scripts.AppointmentListingTestCase">
    <skipped/>
  </testcase> <!-- @AfterMethod verifyDoctorDashboard -->
  <testcase name="@BeforeMethod verifyAppointmentListHomePage" time="0.0" classname="com.clovedental.scripts.AppointmentListingTestCase">
    <skipped/>
  </testcase> <!-- @BeforeMethod verifyAppointmentListHomePage -->
  <testcase name="@AfterMethod verifyDoctorDashboard" time="0.0" classname="com.clovedental.scripts.AppointmentListingTestCase">
    <skipped/>
  </testcase> <!-- @AfterMethod verifyDoctorDashboard -->
  <testcase name="@BeforeMethod verifyAppointmentListHomePage" time="0.0" classname="com.clovedental.scripts.AppointmentListingTestCase">
    <skipped/>
  </testcase> <!-- @BeforeMethod verifyAppointmentListHomePage -->
  <testcase name="@AfterMethod verifyDoctorDashboard" time="0.0" classname="com.clovedental.scripts.AppointmentListingTestCase">
    <skipped/>
  </testcase> <!-- @AfterMethod verifyDoctorDashboard -->
  <testcase name="@BeforeMethod verifyAppointmentListHomePage" time="0.0" classname="com.clovedental.scripts.AppointmentListingTestCase">
    <skipped/>
  </testcase> <!-- @BeforeMethod verifyAppointmentListHomePage -->
  <testcase name="@AfterMethod verifyDoctorDashboard" time="0.0" classname="com.clovedental.scripts.AppointmentListingTestCase">
    <skipped/>
  </testcase> <!-- @AfterMethod verifyDoctorDashboard -->
  <testcase name="@BeforeMethod verifyAppointmentListHomePage" time="0.0" classname="com.clovedental.scripts.AppointmentListingTestCase">
    <skipped/>
  </testcase> <!-- @BeforeMethod verifyAppointmentListHomePage -->
  <testcase name="@AfterMethod verifyDoctorDashboard" time="0.0" classname="com.clovedental.scripts.AppointmentListingTestCase">
    <skipped/>
  </testcase> <!-- @AfterMethod verifyDoctorDashboard -->
  <testcase name="@BeforeMethod verifyAppointmentListHomePage" time="0.0" classname="com.clovedental.scripts.AppointmentListingTestCase">
    <skipped/>
  </testcase> <!-- @BeforeMethod verifyAppointmentListHomePage -->
  <testcase name="@AfterMethod verifyDoctorDashboard" time="0.0" classname="com.clovedental.scripts.AppointmentListingTestCase">
    <skipped/>
  </testcase> <!-- @AfterMethod verifyDoctorDashboard -->
  <testcase name="@BeforeMethod verifyAppointmentListHomePage" time="0.0" classname="com.clovedental.scripts.AppointmentListingTestCase">
    <skipped/>
  </testcase> <!-- @BeforeMethod verifyAppointmentListHomePage -->
  <testcase name="@AfterMethod verifyDoctorDashboard" time="0.0" classname="com.clovedental.scripts.AppointmentListingTestCase">
    <skipped/>
  </testcase> <!-- @AfterMethod verifyDoctorDashboard -->
  <testcase name="@BeforeMethod verifyAppointmentListHomePage" time="0.0" classname="com.clovedental.scripts.AppointmentListingTestCase">
    <skipped/>
  </testcase> <!-- @BeforeMethod verifyAppointmentListHomePage -->
  <testcase name="@AfterMethod verifyDoctorDashboard" time="0.0" classname="com.clovedental.scripts.AppointmentListingTestCase">
    <skipped/>
  </testcase> <!-- @AfterMethod verifyDoctorDashboard -->
  <testcase name="@BeforeMethod verifyAppointmentListHomePage" time="0.0" classname="com.clovedental.scripts.AppointmentListingTestCase">
    <skipped/>
  </testcase> <!-- @BeforeMethod verifyAppointmentListHomePage -->
  <testcase name="@AfterMethod verifyDoctorDashboard" time="0.0" classname="com.clovedental.scripts.AppointmentListingTestCase">
    <skipped/>
  </testcase> <!-- @AfterMethod verifyDoctorDashboard -->
  <testcase name="@BeforeMethod verifyAppointmentListHomePage" time="0.0" classname="com.clovedental.scripts.AppointmentListingTestCase">
    <skipped/>
  </testcase> <!-- @BeforeMethod verifyAppointmentListHomePage -->
  <testcase name="@AfterMethod verifyDoctorDashboard" time="0.0" classname="com.clovedental.scripts.AppointmentListingTestCase">
    <skipped/>
  </testcase> <!-- @AfterMethod verifyDoctorDashboard -->
  <testcase name="@BeforeMethod verifyAppointmentListHomePage" time="0.0" classname="com.clovedental.scripts.AppointmentListingTestCase">
    <skipped/>
  </testcase> <!-- @BeforeMethod verifyAppointmentListHomePage -->
  <testcase name="@AfterMethod verifyDoctorDashboard" time="0.0" classname="com.clovedental.scripts.AppointmentListingTestCase">
    <skipped/>
  </testcase> <!-- @AfterMethod verifyDoctorDashboard -->
  <testcase name="@BeforeMethod verifyAppointmentListHomePage" time="0.0" classname="com.clovedental.scripts.AppointmentListingTestCase">
    <skipped/>
  </testcase> <!-- @BeforeMethod verifyAppointmentListHomePage -->
  <testcase name="@AfterMethod verifyDoctorDashboard" time="0.0" classname="com.clovedental.scripts.AppointmentListingTestCase">
    <skipped/>
  </testcase> <!-- @AfterMethod verifyDoctorDashboard -->
  <testcase name="@BeforeMethod verifyAppointmentListHomePage" time="0.0" classname="com.clovedental.scripts.AppointmentListingTestCase">
    <skipped/>
  </testcase> <!-- @BeforeMethod verifyAppointmentListHomePage -->
  <testcase name="@AfterMethod verifyDoctorDashboard" time="0.0" classname="com.clovedental.scripts.AppointmentListingTestCase">
    <skipped/>
  </testcase> <!-- @AfterMethod verifyDoctorDashboard -->
  <testcase name="@BeforeMethod verifyAppointmentListHomePage" time="0.0" classname="com.clovedental.scripts.AppointmentListingTestCase">
    <skipped/>
  </testcase> <!-- @BeforeMethod verifyAppointmentListHomePage -->
  <testcase name="@AfterMethod verifyDoctorDashboard" time="0.0" classname="com.clovedental.scripts.AppointmentListingTestCase">
    <skipped/>
  </testcase> <!-- @AfterMethod verifyDoctorDashboard -->
  <testcase name="@BeforeMethod verifyAppointmentListHomePage" time="0.0" classname="com.clovedental.scripts.AppointmentListingTestCase">
    <skipped/>
  </testcase> <!-- @BeforeMethod verifyAppointmentListHomePage -->
  <testcase name="@AfterMethod verifyDoctorDashboard" time="0.0" classname="com.clovedental.scripts.AppointmentListingTestCase">
    <skipped/>
  </testcase> <!-- @AfterMethod verifyDoctorDashboard -->
  <testcase name="@BeforeMethod verifyAppointmentListHomePage" time="0.0" classname="com.clovedental.scripts.AppointmentListingTestCase">
    <skipped/>
  </testcase> <!-- @BeforeMethod verifyAppointmentListHomePage -->
  <testcase name="@AfterMethod verifyDoctorDashboard" time="0.0" classname="com.clovedental.scripts.AppointmentListingTestCase">
    <skipped/>
  </testcase> <!-- @AfterMethod verifyDoctorDashboard -->
  <testcase name="@AfterClass tearDown" time="0.0" classname="com.clovedental.scripts.AppointmentListingTestCase">
    <skipped/>
  </testcase> <!-- @AfterClass tearDown -->
  <testcase name="verifyAllEleOnAppListHp" time="0.0" classname="com.clovedental.scripts.AppointmentListingTestCase">
    <skipped/>
  </testcase> <!-- verifyAllEleOnAppListHp -->
  <testcase name="verifyAppointmentTypeFilter" time="0.0" classname="com.clovedental.scripts.AppointmentListingTestCase">
    <skipped/>
  </testcase> <!-- verifyAppointmentTypeFilter -->
  <testcase name="verifyDoctorFilter" time="0.0" classname="com.clovedental.scripts.AppointmentListingTestCase">
    <skipped/>
  </testcase> <!-- verifyDoctorFilter -->
  <testcase name="CheckedFrmDateIsBeforeAfterDate" time="0.0" classname="com.clovedental.scripts.AppointmentListingTestCase">
    <skipped/>
  </testcase> <!-- CheckedFrmDateIsBeforeAfterDate -->
  <testcase name="checkFromAndToDateDiffIsMoreThanSixty" time="0.0" classname="com.clovedental.scripts.AppointmentListingTestCase">
    <skipped/>
  </testcase> <!-- checkFromAndToDateDiffIsMoreThanSixty -->
  <testcase name="verifytentativeWithViewAndEditBtn" time="0.0" classname="com.clovedental.scripts.AppointmentListingTestCase">
    <skipped/>
  </testcase> <!-- verifytentativeWithViewAndEditBtn -->
  <testcase name="verifyConfirmedWithViewEditDeleteBtn" time="0.0" classname="com.clovedental.scripts.AppointmentListingTestCase">
    <skipped/>
  </testcase> <!-- verifyConfirmedWithViewEditDeleteBtn -->
  <testcase name="verifyViewBtnBehaviour" time="0.0" classname="com.clovedental.scripts.AppointmentListingTestCase">
    <skipped/>
  </testcase> <!-- verifyViewBtnBehaviour -->
  <testcase name="clickOnEditAndVerifyPastDate" time="0.0" classname="com.clovedental.scripts.AppointmentListingTestCase">
    <skipped/>
  </testcase> <!-- clickOnEditAndVerifyPastDate -->
  <testcase name="verifydeleteBtn" time="0.0" classname="com.clovedental.scripts.AppointmentListingTestCase">
    <skipped/>
  </testcase> <!-- verifydeleteBtn -->
  <testcase name="verifyOnClickDeletePopUpYes" time="0.0" classname="com.clovedental.scripts.AppointmentListingTestCase">
    <skipped/>
  </testcase> <!-- verifyOnClickDeletePopUpYes -->
  <testcase name="verifyTentiveAterClickingOnEditBtn" time="0.0" classname="com.clovedental.scripts.AppointmentListingTestCase">
    <skipped/>
  </testcase> <!-- verifyTentiveAterClickingOnEditBtn -->
  <testcase name="behaviourOfNoShowBtn" time="0.0" classname="com.clovedental.scripts.AppointmentListingTestCase">
    <skipped/>
  </testcase> <!-- behaviourOfNoShowBtn -->
  <testcase name="impactAppListOnOtherModule" time="0.0" classname="com.clovedental.scripts.AppointmentListingTestCase">
    <skipped/>
  </testcase> <!-- impactAppListOnOtherModule -->
  <testcase name="verifyEditBtn" time="0.0" classname="com.clovedental.scripts.AppointmentListingTestCase">
    <skipped/>
  </testcase> <!-- verifyEditBtn -->
  <testcase name="dateFilterAlongWithAppType" time="0.0" classname="com.clovedental.scripts.AppointmentListingTestCase">
    <skipped/>
  </testcase> <!-- dateFilterAlongWithAppType -->
  <testcase name="noRecordFoundMsgVerification" time="0.0" classname="com.clovedental.scripts.AppointmentListingTestCase">
    <skipped/>
  </testcase> <!-- noRecordFoundMsgVerification -->
  <testcase name="verifyMandatoryElementOnEventList" time="0.0" classname="com.clovedental.scripts.AppointmentListingTestCase">
    <skipped/>
  </testcase> <!-- verifyMandatoryElementOnEventList -->
  <testcase name="verifyActionBtn" time="0.0" classname="com.clovedental.scripts.AppointmentListingTestCase">
    <skipped/>
  </testcase> <!-- verifyActionBtn -->
  <testcase name="verifyEditBtnOnEvent" time="0.0" classname="com.clovedental.scripts.AppointmentListingTestCase">
    <skipped/>
  </testcase> <!-- verifyEditBtnOnEvent -->
  <testcase name="behaviourOfDeleteBtn" time="0.0" classname="com.clovedental.scripts.AppointmentListingTestCase">
    <skipped/>
  </testcase> <!-- behaviourOfDeleteBtn -->
  <testcase name="verifyFrmAndToDateFilter" time="0.0" classname="com.clovedental.scripts.AppointmentListingTestCase">
    <skipped/>
  </testcase> <!-- verifyFrmAndToDateFilter -->
  <testcase name="checkFrmDateIsNotLaterToToDate" time="0.0" classname="com.clovedental.scripts.AppointmentListingTestCase">
    <skipped/>
  </testcase> <!-- checkFrmDateIsNotLaterToToDate -->
  <testcase name="verifyDoctorFilterOnEventList" time="0.0" classname="com.clovedental.scripts.AppointmentListingTestCase">
    <skipped/>
  </testcase> <!-- verifyDoctorFilterOnEventList -->
  <testcase name="verifyFilterOfCategoryType" time="0.0" classname="com.clovedental.scripts.AppointmentListingTestCase">
    <skipped/>
  </testcase> <!-- verifyFilterOfCategoryType -->
</testsuite> <!-- AppointmentListingTestCase -->
