<?xml version="1.0" encoding="UTF-8"?>
<!-- Generated by org.testng.reporters.JUnitXMLReporter -->
<testsuite hostname="connsol4" ignored="0" name="Test2" tests="25" failures="0" timestamp="02 Jul 2018 07:07:10 GMT" time="17.572" errors="0">
  <testcase name="@BeforeMethod verifyAppointmentListHomePage" time="14.16" classname="com.prm.scripts.AppointmentListingTestCase">
    <failure type="org.openqa.selenium.WebDriverException" message="chrome not reachable
  (Session info: chrome=67.0.3396.99)
  (Driver info: chromedriver=2.36.540470 (e522d04694c7ebea4ba8821272dbef4f9b818c91),platform=Windows NT 6.3.9600 x86_64) (WARNING: The server did not provide any stacktrace information)
Command duration or timeout: 0 milliseconds
Build info: version: &amp;apos;3.11.0&amp;apos;, revision: &amp;apos;e59cfb3&amp;apos;, time: &amp;apos;2018-03-11T20:33:15.31Z&amp;apos;
System info: host: &amp;apos;CONNSOL4&amp;apos;, ip: &amp;apos;192.168.1.227&amp;apos;, os.name: &amp;apos;Windows 8.1&amp;apos;, os.arch: &amp;apos;amd64&amp;apos;, os.version: &amp;apos;6.3&amp;apos;, java.version: &amp;apos;1.8.0_161&amp;apos;
Driver info: org.openqa.selenium.chrome.ChromeDriver
Capabilities {acceptInsecureCerts: false, acceptSslCerts: false, applicationCacheEnabled: false, browserConnectionEnabled: false, browserName: chrome, chrome: {chromedriverVersion: 2.36.540470 (e522d04694c7eb..., userDataDir: C:\Users\INSYS~1.CON\AppDat...}, cssSelectorsEnabled: true, databaseEnabled: false, handlesAlerts: true, hasTouchScreen: false, javascriptEnabled: true, locationContextEnabled: true, mobileEmulationEnabled: false, nativeEvents: true, networkConnectionEnabled: false, pageLoadStrategy: normal, platform: XP, platformName: XP, rotatable: false, setWindowRect: true, takesHeapSnapshot: true, takesScreenshot: true, unexpectedAlertBehaviour: , unhandledPromptBehavior: , version: 67.0.3396.99, webStorageEnabled: true}
Session ID: 3c396fc06529b249999fed75bb48207a
*** Element info: {Using=id, value=dashBoardAppointment}">
      <![CDATA[org.openqa.selenium.WebDriverException: chrome not reachable
  (Session info: chrome=67.0.3396.99)
  (Driver info: chromedriver=2.36.540470 (e522d04694c7ebea4ba8821272dbef4f9b818c91),platform=Windows NT 6.3.9600 x86_64) (WARNING: The server did not provide any stacktrace information)
Command duration or timeout: 0 milliseconds
Build info: version: '3.11.0', revision: 'e59cfb3', time: '2018-03-11T20:33:15.31Z'
System info: host: 'CONNSOL4', ip: '192.168.1.227', os.name: 'Windows 8.1', os.arch: 'amd64', os.version: '6.3', java.version: '1.8.0_161'
Driver info: org.openqa.selenium.chrome.ChromeDriver
Capabilities {acceptInsecureCerts: false, acceptSslCerts: false, applicationCacheEnabled: false, browserConnectionEnabled: false, browserName: chrome, chrome: {chromedriverVersion: 2.36.540470 (e522d04694c7eb..., userDataDir: C:\Users\INSYS~1.CON\AppDat...}, cssSelectorsEnabled: true, databaseEnabled: false, handlesAlerts: true, hasTouchScreen: false, javascriptEnabled: true, locationContextEnabled: true, mobileEmulationEnabled: false, nativeEvents: true, networkConnectionEnabled: false, pageLoadStrategy: normal, platform: XP, platformName: XP, rotatable: false, setWindowRect: true, takesHeapSnapshot: true, takesScreenshot: true, unexpectedAlertBehaviour: , unhandledPromptBehavior: , version: 67.0.3396.99, webStorageEnabled: true}
Session ID: 3c396fc06529b249999fed75bb48207a
*** Element info: {Using=id, value=dashBoardAppointment}
at org.openqa.selenium.remote.ErrorHandler.createThrowable(ErrorHandler.java:214)
at org.openqa.selenium.remote.ErrorHandler.throwIfResponseFailed(ErrorHandler.java:166)
at org.openqa.selenium.remote.http.JsonHttpResponseCodec.reconstructValue(JsonHttpResponseCodec.java:40)
at org.openqa.selenium.remote.http.AbstractHttpResponseCodec.decode(AbstractHttpResponseCodec.java:80)
at org.openqa.selenium.remote.http.AbstractHttpResponseCodec.decode(AbstractHttpResponseCodec.java:44)
at org.openqa.selenium.remote.HttpCommandExecutor.execute(HttpCommandExecutor.java:158)
at org.openqa.selenium.remote.service.DriverCommandExecutor.execute(DriverCommandExecutor.java:83)
at org.openqa.selenium.remote.RemoteWebDriver.execute(RemoteWebDriver.java:545)
at org.openqa.selenium.remote.RemoteWebDriver.findElement(RemoteWebDriver.java:319)
at org.openqa.selenium.remote.RemoteWebDriver.findElementById(RemoteWebDriver.java:365)
at org.openqa.selenium.By$ById.findElement(By.java:218)
at org.openqa.selenium.remote.RemoteWebDriver.findElement(RemoteWebDriver.java:311)
at org.openqa.selenium.support.pagefactory.DefaultElementLocator.findElement(DefaultElementLocator.java:69)
at org.openqa.selenium.support.pagefactory.internal.LocatingElementHandler.invoke(LocatingElementHandler.java:38)
at com.sun.proxy.$Proxy11.click(Unknown Source)
at com.prm.pageobject.DoctorDashBoard.clickOnAppListBtn(DoctorDashBoard.java:73)
at com.prm.scripts.AppointmentListingTestCase.verifyAppointmentListHomePage(AppointmentListingTestCase.java:82)
at java.util.concurrent.ThreadPoolExecutor.runWorker(ThreadPoolExecutor.java:1149)
at java.util.concurrent.ThreadPoolExecutor$Worker.run(ThreadPoolExecutor.java:624)
at java.lang.Thread.run(Thread.java:748)
... Removed 17 stack frames]]>
    </failure>
  </testcase> <!-- @BeforeMethod verifyAppointmentListHomePage -->
  <testcase name="@AfterMethod verifyDoctorDashboard" time="0.0" classname="com.prm.scripts.AppointmentListingTestCase">
    <skipped/>
  </testcase> <!-- @AfterMethod verifyDoctorDashboard -->
  <testcase name="@BeforeMethod verifyAppointmentListHomePage" time="0.0" classname="com.prm.scripts.AppointmentListingTestCase">
    <skipped/>
  </testcase> <!-- @BeforeMethod verifyAppointmentListHomePage -->
  <testcase name="@AfterMethod verifyDoctorDashboard" time="0.0" classname="com.prm.scripts.AppointmentListingTestCase">
    <skipped/>
  </testcase> <!-- @AfterMethod verifyDoctorDashboard -->
  <testcase name="@BeforeMethod verifyAppointmentListHomePage" time="0.0" classname="com.prm.scripts.AppointmentListingTestCase">
    <skipped/>
  </testcase> <!-- @BeforeMethod verifyAppointmentListHomePage -->
  <testcase name="@AfterMethod verifyDoctorDashboard" time="0.0" classname="com.prm.scripts.AppointmentListingTestCase">
    <skipped/>
  </testcase> <!-- @AfterMethod verifyDoctorDashboard -->
  <testcase name="@BeforeMethod verifyAppointmentListHomePage" time="0.0" classname="com.prm.scripts.AppointmentListingTestCase">
    <skipped/>
  </testcase> <!-- @BeforeMethod verifyAppointmentListHomePage -->
  <testcase name="@AfterMethod verifyDoctorDashboard" time="0.0" classname="com.prm.scripts.AppointmentListingTestCase">
    <skipped/>
  </testcase> <!-- @AfterMethod verifyDoctorDashboard -->
  <testcase name="@BeforeMethod verifyAppointmentListHomePage" time="0.0" classname="com.prm.scripts.AppointmentListingTestCase">
    <skipped/>
  </testcase> <!-- @BeforeMethod verifyAppointmentListHomePage -->
  <testcase name="@AfterMethod verifyDoctorDashboard" time="0.0" classname="com.prm.scripts.AppointmentListingTestCase">
    <skipped/>
  </testcase> <!-- @AfterMethod verifyDoctorDashboard -->
  <testcase name="@BeforeMethod verifyAppointmentListHomePage" time="0.0" classname="com.prm.scripts.AppointmentListingTestCase">
    <skipped/>
  </testcase> <!-- @BeforeMethod verifyAppointmentListHomePage -->
  <testcase name="@AfterMethod verifyDoctorDashboard" time="0.0" classname="com.prm.scripts.AppointmentListingTestCase">
    <skipped/>
  </testcase> <!-- @AfterMethod verifyDoctorDashboard -->
  <testcase name="@BeforeMethod verifyAppointmentListHomePage" time="0.0" classname="com.prm.scripts.AppointmentListingTestCase">
    <skipped/>
  </testcase> <!-- @BeforeMethod verifyAppointmentListHomePage -->
  <testcase name="@AfterMethod verifyDoctorDashboard" time="0.0" classname="com.prm.scripts.AppointmentListingTestCase">
    <skipped/>
  </testcase> <!-- @AfterMethod verifyDoctorDashboard -->
  <testcase name="@BeforeMethod verifyAppointmentListHomePage" time="0.0" classname="com.prm.scripts.AppointmentListingTestCase">
    <skipped/>
  </testcase> <!-- @BeforeMethod verifyAppointmentListHomePage -->
  <testcase name="@AfterMethod verifyDoctorDashboard" time="0.0" classname="com.prm.scripts.AppointmentListingTestCase">
    <skipped/>
  </testcase> <!-- @AfterMethod verifyDoctorDashboard -->
  <testcase name="@BeforeMethod verifyAppointmentListHomePage" time="0.0" classname="com.prm.scripts.AppointmentListingTestCase">
    <skipped/>
  </testcase> <!-- @BeforeMethod verifyAppointmentListHomePage -->
  <testcase name="@AfterMethod verifyDoctorDashboard" time="0.0" classname="com.prm.scripts.AppointmentListingTestCase">
    <skipped/>
  </testcase> <!-- @AfterMethod verifyDoctorDashboard -->
  <testcase name="@BeforeMethod verifyAppointmentListHomePage" time="0.0" classname="com.prm.scripts.AppointmentListingTestCase">
    <skipped/>
  </testcase> <!-- @BeforeMethod verifyAppointmentListHomePage -->
  <testcase name="@AfterMethod verifyDoctorDashboard" time="0.0" classname="com.prm.scripts.AppointmentListingTestCase">
    <skipped/>
  </testcase> <!-- @AfterMethod verifyDoctorDashboard -->
  <testcase name="@BeforeMethod verifyAppointmentListHomePage" time="0.0" classname="com.prm.scripts.AppointmentListingTestCase">
    <skipped/>
  </testcase> <!-- @BeforeMethod verifyAppointmentListHomePage -->
  <testcase name="@AfterMethod verifyDoctorDashboard" time="0.0" classname="com.prm.scripts.AppointmentListingTestCase">
    <skipped/>
  </testcase> <!-- @AfterMethod verifyDoctorDashboard -->
  <testcase name="@BeforeMethod verifyAppointmentListHomePage" time="0.0" classname="com.prm.scripts.AppointmentListingTestCase">
    <skipped/>
  </testcase> <!-- @BeforeMethod verifyAppointmentListHomePage -->
  <testcase name="@AfterMethod verifyDoctorDashboard" time="0.0" classname="com.prm.scripts.AppointmentListingTestCase">
    <skipped/>
  </testcase> <!-- @AfterMethod verifyDoctorDashboard -->
  <testcase name="@BeforeMethod verifyAppointmentListHomePage" time="0.0" classname="com.prm.scripts.AppointmentListingTestCase">
    <skipped/>
  </testcase> <!-- @BeforeMethod verifyAppointmentListHomePage -->
  <testcase name="@AfterMethod verifyDoctorDashboard" time="0.0" classname="com.prm.scripts.AppointmentListingTestCase">
    <skipped/>
  </testcase> <!-- @AfterMethod verifyDoctorDashboard -->
  <testcase name="@BeforeMethod verifyAppointmentListHomePage" time="0.0" classname="com.prm.scripts.AppointmentListingTestCase">
    <skipped/>
  </testcase> <!-- @BeforeMethod verifyAppointmentListHomePage -->
  <testcase name="@AfterMethod verifyDoctorDashboard" time="0.0" classname="com.prm.scripts.AppointmentListingTestCase">
    <skipped/>
  </testcase> <!-- @AfterMethod verifyDoctorDashboard -->
  <testcase name="@BeforeMethod verifyAppointmentListHomePage" time="0.0" classname="com.prm.scripts.AppointmentListingTestCase">
    <skipped/>
  </testcase> <!-- @BeforeMethod verifyAppointmentListHomePage -->
  <testcase name="@AfterMethod verifyDoctorDashboard" time="0.0" classname="com.prm.scripts.AppointmentListingTestCase">
    <skipped/>
  </testcase> <!-- @AfterMethod verifyDoctorDashboard -->
  <testcase name="@BeforeMethod verifyAppointmentListHomePage" time="0.0" classname="com.prm.scripts.AppointmentListingTestCase">
    <skipped/>
  </testcase> <!-- @BeforeMethod verifyAppointmentListHomePage -->
  <testcase name="@AfterMethod verifyDoctorDashboard" time="0.0" classname="com.prm.scripts.AppointmentListingTestCase">
    <skipped/>
  </testcase> <!-- @AfterMethod verifyDoctorDashboard -->
  <testcase name="@BeforeMethod verifyAppointmentListHomePage" time="0.0" classname="com.prm.scripts.AppointmentListingTestCase">
    <skipped/>
  </testcase> <!-- @BeforeMethod verifyAppointmentListHomePage -->
  <testcase name="@AfterMethod verifyDoctorDashboard" time="0.0" classname="com.prm.scripts.AppointmentListingTestCase">
    <skipped/>
  </testcase> <!-- @AfterMethod verifyDoctorDashboard -->
  <testcase name="@BeforeMethod verifyAppointmentListHomePage" time="0.0" classname="com.prm.scripts.AppointmentListingTestCase">
    <skipped/>
  </testcase> <!-- @BeforeMethod verifyAppointmentListHomePage -->
  <testcase name="@AfterMethod verifyDoctorDashboard" time="0.0" classname="com.prm.scripts.AppointmentListingTestCase">
    <skipped/>
  </testcase> <!-- @AfterMethod verifyDoctorDashboard -->
  <testcase name="@BeforeMethod verifyAppointmentListHomePage" time="0.0" classname="com.prm.scripts.AppointmentListingTestCase">
    <skipped/>
  </testcase> <!-- @BeforeMethod verifyAppointmentListHomePage -->
  <testcase name="@AfterMethod verifyDoctorDashboard" time="0.0" classname="com.prm.scripts.AppointmentListingTestCase">
    <skipped/>
  </testcase> <!-- @AfterMethod verifyDoctorDashboard -->
  <testcase name="@BeforeMethod verifyAppointmentListHomePage" time="0.0" classname="com.prm.scripts.AppointmentListingTestCase">
    <skipped/>
  </testcase> <!-- @BeforeMethod verifyAppointmentListHomePage -->
  <testcase name="@AfterMethod verifyDoctorDashboard" time="0.0" classname="com.prm.scripts.AppointmentListingTestCase">
    <skipped/>
  </testcase> <!-- @AfterMethod verifyDoctorDashboard -->
  <testcase name="@BeforeMethod verifyAppointmentListHomePage" time="0.0" classname="com.prm.scripts.AppointmentListingTestCase">
    <skipped/>
  </testcase> <!-- @BeforeMethod verifyAppointmentListHomePage -->
  <testcase name="@AfterMethod verifyDoctorDashboard" time="0.0" classname="com.prm.scripts.AppointmentListingTestCase">
    <skipped/>
  </testcase> <!-- @AfterMethod verifyDoctorDashboard -->
  <testcase name="@BeforeMethod verifyAppointmentListHomePage" time="0.0" classname="com.prm.scripts.AppointmentListingTestCase">
    <skipped/>
  </testcase> <!-- @BeforeMethod verifyAppointmentListHomePage -->
  <testcase name="@AfterMethod verifyDoctorDashboard" time="0.0" classname="com.prm.scripts.AppointmentListingTestCase">
    <skipped/>
  </testcase> <!-- @AfterMethod verifyDoctorDashboard -->
  <testcase name="@BeforeMethod verifyAppointmentListHomePage" time="0.0" classname="com.prm.scripts.AppointmentListingTestCase">
    <skipped/>
  </testcase> <!-- @BeforeMethod verifyAppointmentListHomePage -->
  <testcase name="@AfterMethod verifyDoctorDashboard" time="0.0" classname="com.prm.scripts.AppointmentListingTestCase">
    <skipped/>
  </testcase> <!-- @AfterMethod verifyDoctorDashboard -->
  <testcase name="@BeforeMethod verifyAppointmentListHomePage" time="0.0" classname="com.prm.scripts.AppointmentListingTestCase">
    <skipped/>
  </testcase> <!-- @BeforeMethod verifyAppointmentListHomePage -->
  <testcase name="@AfterMethod verifyDoctorDashboard" time="0.0" classname="com.prm.scripts.AppointmentListingTestCase">
    <skipped/>
  </testcase> <!-- @AfterMethod verifyDoctorDashboard -->
  <testcase name="@AfterClass tearDown" time="0.0" classname="com.prm.scripts.AppointmentListingTestCase">
    <skipped/>
  </testcase> <!-- @AfterClass tearDown -->
  <testcase name="verifyAllEleOnAppListHp" time="0.0" classname="com.prm.scripts.AppointmentListingTestCase">
    <skipped/>
  </testcase> <!-- verifyAllEleOnAppListHp -->
  <testcase name="verifyAppointmentTypeFilter" time="0.0" classname="com.prm.scripts.AppointmentListingTestCase">
    <skipped/>
  </testcase> <!-- verifyAppointmentTypeFilter -->
  <testcase name="verifyDoctorFilter" time="0.0" classname="com.prm.scripts.AppointmentListingTestCase">
    <skipped/>
  </testcase> <!-- verifyDoctorFilter -->
  <testcase name="CheckedFrmDateIsBeforeAfterDate" time="0.0" classname="com.prm.scripts.AppointmentListingTestCase">
    <skipped/>
  </testcase> <!-- CheckedFrmDateIsBeforeAfterDate -->
  <testcase name="checkFromAndToDateDiffIsMoreThanSixty" time="0.0" classname="com.prm.scripts.AppointmentListingTestCase">
    <skipped/>
  </testcase> <!-- checkFromAndToDateDiffIsMoreThanSixty -->
  <testcase name="verifytentativeWithViewAndEditBtn" time="0.0" classname="com.prm.scripts.AppointmentListingTestCase">
    <skipped/>
  </testcase> <!-- verifytentativeWithViewAndEditBtn -->
  <testcase name="verifyConfirmedWithViewEditDeleteBtn" time="0.0" classname="com.prm.scripts.AppointmentListingTestCase">
    <skipped/>
  </testcase> <!-- verifyConfirmedWithViewEditDeleteBtn -->
  <testcase name="verifyViewBtnBehaviour" time="0.0" classname="com.prm.scripts.AppointmentListingTestCase">
    <skipped/>
  </testcase> <!-- verifyViewBtnBehaviour -->
  <testcase name="clickOnEditAndVerifyPastDate" time="0.0" classname="com.prm.scripts.AppointmentListingTestCase">
    <skipped/>
  </testcase> <!-- clickOnEditAndVerifyPastDate -->
  <testcase name="verifydeleteBtn" time="0.0" classname="com.prm.scripts.AppointmentListingTestCase">
    <skipped/>
  </testcase> <!-- verifydeleteBtn -->
  <testcase name="verifyOnClickDeletePopUpYes" time="0.0" classname="com.prm.scripts.AppointmentListingTestCase">
    <skipped/>
  </testcase> <!-- verifyOnClickDeletePopUpYes -->
  <testcase name="verifyTentiveAterClickingOnEditBtn" time="0.0" classname="com.prm.scripts.AppointmentListingTestCase">
    <skipped/>
  </testcase> <!-- verifyTentiveAterClickingOnEditBtn -->
  <testcase name="behaviourOfNoShowBtn" time="0.0" classname="com.prm.scripts.AppointmentListingTestCase">
    <skipped/>
  </testcase> <!-- behaviourOfNoShowBtn -->
  <testcase name="impactAppListOnOtherModule" time="0.0" classname="com.prm.scripts.AppointmentListingTestCase">
    <skipped/>
  </testcase> <!-- impactAppListOnOtherModule -->
  <testcase name="verifyEditBtn" time="0.0" classname="com.prm.scripts.AppointmentListingTestCase">
    <skipped/>
  </testcase> <!-- verifyEditBtn -->
  <testcase name="dateFilterAlongWithAppType" time="0.0" classname="com.prm.scripts.AppointmentListingTestCase">
    <skipped/>
  </testcase> <!-- dateFilterAlongWithAppType -->
  <testcase name="noRecordFoundMsgVerification" time="0.0" classname="com.prm.scripts.AppointmentListingTestCase">
    <skipped/>
  </testcase> <!-- noRecordFoundMsgVerification -->
  <testcase name="verifyMandatoryElementOnEventList" time="0.0" classname="com.prm.scripts.AppointmentListingTestCase">
    <skipped/>
  </testcase> <!-- verifyMandatoryElementOnEventList -->
  <testcase name="verifyActionBtn" time="0.0" classname="com.prm.scripts.AppointmentListingTestCase">
    <skipped/>
  </testcase> <!-- verifyActionBtn -->
  <testcase name="verifyEditBtnOnEvent" time="0.0" classname="com.prm.scripts.AppointmentListingTestCase">
    <skipped/>
  </testcase> <!-- verifyEditBtnOnEvent -->
  <testcase name="behaviourOfDeleteBtn" time="0.0" classname="com.prm.scripts.AppointmentListingTestCase">
    <skipped/>
  </testcase> <!-- behaviourOfDeleteBtn -->
  <testcase name="verifyFrmAndToDateFilter" time="0.0" classname="com.prm.scripts.AppointmentListingTestCase">
    <skipped/>
  </testcase> <!-- verifyFrmAndToDateFilter -->
  <testcase name="checkFrmDateIsNotLaterToToDate" time="0.0" classname="com.prm.scripts.AppointmentListingTestCase">
    <skipped/>
  </testcase> <!-- checkFrmDateIsNotLaterToToDate -->
  <testcase name="verifyDoctorFilterOnEventList" time="0.0" classname="com.prm.scripts.AppointmentListingTestCase">
    <skipped/>
  </testcase> <!-- verifyDoctorFilterOnEventList -->
  <testcase name="verifyFilterOfCategoryType" time="0.0" classname="com.prm.scripts.AppointmentListingTestCase">
    <skipped/>
  </testcase> <!-- verifyFilterOfCategoryType -->
</testsuite> <!-- Test2 -->
