<?xml version="1.0" encoding="UTF-8"?>
<!-- Generated by org.testng.reporters.JUnitXMLReporter -->
<testsuite hostname="connsol4" ignored="1" name="Test3" tests="24" failures="0" timestamp="02 Jul 2018 07:07:14 GMT" time="3.876" errors="0">
  <testcase name="@BeforeMethod verifyPatientRegistrationHomePage" time="0.29" classname="com.prm.scripts.PatientRegistrationTestCase">
    <failure type="java.lang.NullPointerException">
      <![CDATA[java.lang.NullPointerException
at org.openqa.selenium.support.pagefactory.internal.LocatingElementHandler.invoke(LocatingElementHandler.java:51)
at com.sun.proxy.$Proxy11.isEnabled(Unknown Source)
at org.openqa.selenium.support.ui.ExpectedConditions$23.apply(ExpectedConditions.java:688)
at org.openqa.selenium.support.ui.ExpectedConditions$23.apply(ExpectedConditions.java:682)
at org.openqa.selenium.support.ui.FluentWait.until(FluentWait.java:248)
at pageobjects.utils.PCDriver.waitForElementToBeClickable(PCDriver.java:158)
at com.prm.pageobject.DoctorDashBoard.clickOnPatientAdd(DoctorDashBoard.java:94)
at com.prm.scripts.PatientRegistrationTestCase.verifyPatientRegistrationHomePage(PatientRegistrationTestCase.java:57)
at java.util.concurrent.ThreadPoolExecutor.runWorker(ThreadPoolExecutor.java:1149)
at java.util.concurrent.ThreadPoolExecutor$Worker.run(ThreadPoolExecutor.java:624)
at java.lang.Thread.run(Thread.java:748)
... Removed 17 stack frames]]>
    </failure>
  </testcase> <!-- @BeforeMethod verifyPatientRegistrationHomePage -->
  <testcase name="@BeforeMethod verifyPatientRegistrationHomePage" time="0.0" classname="com.prm.scripts.PatientRegistrationTestCase">
    <skipped/>
  </testcase> <!-- @BeforeMethod verifyPatientRegistrationHomePage -->
  <testcase name="@BeforeMethod verifyPatientRegistrationHomePage" time="0.0" classname="com.prm.scripts.PatientRegistrationTestCase">
    <skipped/>
  </testcase> <!-- @BeforeMethod verifyPatientRegistrationHomePage -->
  <testcase name="@BeforeMethod verifyPatientRegistrationHomePage" time="0.0" classname="com.prm.scripts.PatientRegistrationTestCase">
    <skipped/>
  </testcase> <!-- @BeforeMethod verifyPatientRegistrationHomePage -->
  <testcase name="@BeforeMethod verifyPatientRegistrationHomePage" time="0.0" classname="com.prm.scripts.PatientRegistrationTestCase">
    <skipped/>
  </testcase> <!-- @BeforeMethod verifyPatientRegistrationHomePage -->
  <testcase name="@BeforeMethod verifyPatientRegistrationHomePage" time="0.0" classname="com.prm.scripts.PatientRegistrationTestCase">
    <skipped/>
  </testcase> <!-- @BeforeMethod verifyPatientRegistrationHomePage -->
  <testcase name="@BeforeMethod verifyPatientRegistrationHomePage" time="0.0" classname="com.prm.scripts.PatientRegistrationTestCase">
    <skipped/>
  </testcase> <!-- @BeforeMethod verifyPatientRegistrationHomePage -->
  <testcase name="@BeforeMethod verifyPatientRegistrationHomePage" time="0.0" classname="com.prm.scripts.PatientRegistrationTestCase">
    <skipped/>
  </testcase> <!-- @BeforeMethod verifyPatientRegistrationHomePage -->
  <testcase name="@BeforeMethod verifyPatientRegistrationHomePage" time="0.0" classname="com.prm.scripts.PatientRegistrationTestCase">
    <skipped/>
  </testcase> <!-- @BeforeMethod verifyPatientRegistrationHomePage -->
  <testcase name="@BeforeMethod verifyPatientRegistrationHomePage" time="0.0" classname="com.prm.scripts.PatientRegistrationTestCase">
    <skipped/>
  </testcase> <!-- @BeforeMethod verifyPatientRegistrationHomePage -->
  <testcase name="@BeforeMethod verifyPatientRegistrationHomePage" time="0.0" classname="com.prm.scripts.PatientRegistrationTestCase">
    <skipped/>
  </testcase> <!-- @BeforeMethod verifyPatientRegistrationHomePage -->
  <testcase name="@BeforeMethod verifyPatientRegistrationHomePage" time="0.0" classname="com.prm.scripts.PatientRegistrationTestCase">
    <skipped/>
  </testcase> <!-- @BeforeMethod verifyPatientRegistrationHomePage -->
  <testcase name="@BeforeMethod verifyPatientRegistrationHomePage" time="0.0" classname="com.prm.scripts.PatientRegistrationTestCase">
    <skipped/>
  </testcase> <!-- @BeforeMethod verifyPatientRegistrationHomePage -->
  <testcase name="@BeforeMethod verifyPatientRegistrationHomePage" time="0.0" classname="com.prm.scripts.PatientRegistrationTestCase">
    <skipped/>
  </testcase> <!-- @BeforeMethod verifyPatientRegistrationHomePage -->
  <testcase name="@BeforeMethod verifyPatientRegistrationHomePage" time="0.0" classname="com.prm.scripts.PatientRegistrationTestCase">
    <skipped/>
  </testcase> <!-- @BeforeMethod verifyPatientRegistrationHomePage -->
  <testcase name="@BeforeMethod verifyPatientRegistrationHomePage" time="0.0" classname="com.prm.scripts.PatientRegistrationTestCase">
    <skipped/>
  </testcase> <!-- @BeforeMethod verifyPatientRegistrationHomePage -->
  <testcase name="@BeforeMethod verifyPatientRegistrationHomePage" time="0.0" classname="com.prm.scripts.PatientRegistrationTestCase">
    <skipped/>
  </testcase> <!-- @BeforeMethod verifyPatientRegistrationHomePage -->
  <testcase name="@BeforeMethod verifyPatientRegistrationHomePage" time="0.0" classname="com.prm.scripts.PatientRegistrationTestCase">
    <skipped/>
  </testcase> <!-- @BeforeMethod verifyPatientRegistrationHomePage -->
  <testcase name="@BeforeMethod verifyPatientRegistrationHomePage" time="0.0" classname="com.prm.scripts.PatientRegistrationTestCase">
    <skipped/>
  </testcase> <!-- @BeforeMethod verifyPatientRegistrationHomePage -->
  <testcase name="@BeforeMethod verifyPatientRegistrationHomePage" time="0.0" classname="com.prm.scripts.PatientRegistrationTestCase">
    <skipped/>
  </testcase> <!-- @BeforeMethod verifyPatientRegistrationHomePage -->
  <testcase name="@BeforeMethod verifyPatientRegistrationHomePage" time="0.0" classname="com.prm.scripts.PatientRegistrationTestCase">
    <skipped/>
  </testcase> <!-- @BeforeMethod verifyPatientRegistrationHomePage -->
  <testcase name="@BeforeMethod verifyPatientRegistrationHomePage" time="0.0" classname="com.prm.scripts.PatientRegistrationTestCase">
    <skipped/>
  </testcase> <!-- @BeforeMethod verifyPatientRegistrationHomePage -->
  <testcase name="@BeforeMethod verifyPatientRegistrationHomePage" time="0.0" classname="com.prm.scripts.PatientRegistrationTestCase">
    <skipped/>
  </testcase> <!-- @BeforeMethod verifyPatientRegistrationHomePage -->
  <testcase name="@BeforeMethod verifyPatientRegistrationHomePage" time="0.0" classname="com.prm.scripts.PatientRegistrationTestCase">
    <skipped/>
  </testcase> <!-- @BeforeMethod verifyPatientRegistrationHomePage -->
  <testcase name="@AfterClass tearDown" time="0.0" classname="com.prm.scripts.PatientRegistrationTestCase">
    <skipped/>
  </testcase> <!-- @AfterClass tearDown -->
  <testcase name="AllWebElementscheckup" time="0.0" classname="com.prm.scripts.PatientRegistrationTestCase">
    <skipped/>
  </testcase> <!-- AllWebElementscheckup -->
  <testcase name="behaviourOfGenderBtn" time="0.0" classname="com.prm.scripts.PatientRegistrationTestCase">
    <skipped/>
  </testcase> <!-- behaviourOfGenderBtn -->
  <testcase name="behaviourOfDOBCalender" time="0.0" classname="com.prm.scripts.PatientRegistrationTestCase">
    <skipped/>
  </testcase> <!-- behaviourOfDOBCalender -->
  <testcase name="behaviourOfAgeTextFields" time="0.0" classname="com.prm.scripts.PatientRegistrationTestCase">
    <skipped/>
  </testcase> <!-- behaviourOfAgeTextFields -->
  <testcase name="validatingLandline" time="0.0" classname="com.prm.scripts.PatientRegistrationTestCase">
    <skipped/>
  </testcase> <!-- validatingLandline -->
  <testcase name="behaviourOfAltConatctName" time="0.0" classname="com.prm.scripts.PatientRegistrationTestCase">
    <skipped/>
  </testcase> <!-- behaviourOfAltConatctName -->
  <testcase name="behaviourOfAltConatctNo" time="0.0" classname="com.prm.scripts.PatientRegistrationTestCase">
    <skipped/>
  </testcase> <!-- behaviourOfAltConatctNo -->
  <testcase name="checkByDefaultSelectedDentist" time="0.0" classname="com.prm.scripts.PatientRegistrationTestCase">
    <skipped/>
  </testcase> <!-- checkByDefaultSelectedDentist -->
  <testcase name="bestTimeToReachYou" time="0.0" classname="com.prm.scripts.PatientRegistrationTestCase">
    <skipped/>
  </testcase> <!-- bestTimeToReachYou -->
  <testcase name="behaviourOfCountryAndStates" time="0.0" classname="com.prm.scripts.PatientRegistrationTestCase">
    <skipped/>
  </testcase> <!-- behaviourOfCountryAndStates -->
  <testcase name="behaviourOfZipTextField" time="0.0" classname="com.prm.scripts.PatientRegistrationTestCase">
    <skipped/>
  </testcase> <!-- behaviourOfZipTextField -->
  <testcase name="behaviourOfMedicalHistory" time="0.0" classname="com.prm.scripts.PatientRegistrationTestCase">
    <skipped/>
  </testcase> <!-- behaviourOfMedicalHistory -->
  <testcase name="behaviourOfPastHistory" time="0.0" classname="com.prm.scripts.PatientRegistrationTestCase">
    <skipped/>
  </testcase> <!-- behaviourOfPastHistory -->
  <testcase name="behaviourOfAllSelectOfMixed" time="0.0" classname="com.prm.scripts.PatientRegistrationTestCase">
    <skipped/>
  </testcase> <!-- behaviourOfAllSelectOfMixed -->
  <testcase name="behaviourOfDentalCheckup" time="0.0" classname="com.prm.scripts.PatientRegistrationTestCase">
    <skipped/>
  </testcase> <!-- behaviourOfDentalCheckup -->
  <testcase name="behaviourOfMedication" time="0.0" classname="com.prm.scripts.PatientRegistrationTestCase">
    <skipped/>
  </testcase> <!-- behaviourOfMedication -->
  <testcase name="behaviorOfAllergie" time="0.0" classname="com.prm.scripts.PatientRegistrationTestCase">
    <skipped/>
  </testcase> <!-- behaviorOfAllergie -->
  <testcase name="behaviorOfGroupOption" time="0.0" classname="com.prm.scripts.PatientRegistrationTestCase">
    <skipped/>
  </testcase> <!-- behaviorOfGroupOption -->
  <testcase name="behaviourOfPatientNotes" time="0.0" classname="com.prm.scripts.PatientRegistrationTestCase">
    <skipped/>
  </testcase> <!-- behaviourOfPatientNotes -->
  <testcase name="verifyEditOnPatientDashBoard" time="0.0" classname="com.prm.scripts.PatientRegistrationTestCase">
    <skipped/>
  </testcase> <!-- verifyEditOnPatientDashBoard -->
  <testcase name="verifyErrorMsg" time="0.0" classname="com.prm.scripts.PatientRegistrationTestCase">
    <skipped/>
  </testcase> <!-- verifyErrorMsg -->
  <testcase name="verifyBeheviourApproveAndAppBtn" time="0.0" classname="com.prm.scripts.PatientRegistrationTestCase">
    <skipped/>
  </testcase> <!-- verifyBeheviourApproveAndAppBtn -->
  <testcase name="behaviourOfResetBtn" time="0.0" classname="com.prm.scripts.PatientRegistrationTestCase">
    <skipped/>
  </testcase> <!-- behaviourOfResetBtn -->
  <testcase name="behaviourOfCancelBtn" time="0.0" classname="com.prm.scripts.PatientRegistrationTestCase">
    <skipped/>
  </testcase> <!-- behaviourOfCancelBtn -->
  <testcase name="verifyAlreadyExitingPatientMsg" time="0.0" classname="com.prm.scripts.PatientRegistrationTestCase">
    <ignored/>
  </testcase> <!-- verifyAlreadyExitingPatientMsg -->
</testsuite> <!-- Test3 -->
