<?xml version="1.0" encoding="UTF-8"?>
<!-- Generated by org.testng.reporters.JUnitXMLReporter -->
<testsuite hostname="connsol4" ignored="1" name="Test1" tests="33" failures="2" timestamp="02 Jul 2018 07:06:52 GMT" time="128.142" errors="0">
  <testcase name="@BeforeMethod verifyAppointmentAddHomePage" time="35.215" classname="com.prm.scripts.AppointmentAddTestCase">
    <failure type="java.lang.NullPointerException">
      <![CDATA[java.lang.NullPointerException
at pageobjects.utils.PCDriver$1.apply(PCDriver.java:149)
at pageobjects.utils.PCDriver$1.apply(PCDriver.java:1)
at org.openqa.selenium.support.ui.FluentWait.until(FluentWait.java:248)
at pageobjects.utils.PCDriver.waitForPageLoad(PCDriver.java:153)
at com.prm.pageobject.AppointmentPage.toVerifyAppointmentHomePage(AppointmentPage.java:261)
at com.prm.scripts.AppointmentAddTestCase.verifyAppointmentAddHomePage(AppointmentAddTestCase.java:109)
at java.util.concurrent.ThreadPoolExecutor.runWorker(ThreadPoolExecutor.java:1149)
at java.util.concurrent.ThreadPoolExecutor$Worker.run(ThreadPoolExecutor.java:624)
at java.lang.Thread.run(Thread.java:748)
... Removed 13 stack frames]]>
    </failure>
  </testcase> <!-- @BeforeMethod verifyAppointmentAddHomePage -->
  <testcase name="@BeforeMethod verifyAppointmentAddHomePage" time="0.0" classname="com.prm.scripts.AppointmentAddTestCase">
    <skipped/>
  </testcase> <!-- @BeforeMethod verifyAppointmentAddHomePage -->
  <testcase name="@BeforeMethod verifyAppointmentAddHomePage" time="0.0" classname="com.prm.scripts.AppointmentAddTestCase">
    <skipped/>
  </testcase> <!-- @BeforeMethod verifyAppointmentAddHomePage -->
  <testcase name="@BeforeMethod verifyAppointmentAddHomePage" time="0.0" classname="com.prm.scripts.AppointmentAddTestCase">
    <skipped/>
  </testcase> <!-- @BeforeMethod verifyAppointmentAddHomePage -->
  <testcase name="@BeforeMethod verifyAppointmentAddHomePage" time="0.0" classname="com.prm.scripts.AppointmentAddTestCase">
    <skipped/>
  </testcase> <!-- @BeforeMethod verifyAppointmentAddHomePage -->
  <testcase name="@BeforeMethod verifyAppointmentAddHomePage" time="0.0" classname="com.prm.scripts.AppointmentAddTestCase">
    <skipped/>
  </testcase> <!-- @BeforeMethod verifyAppointmentAddHomePage -->
  <testcase name="@BeforeMethod verifyAppointmentAddHomePage" time="0.0" classname="com.prm.scripts.AppointmentAddTestCase">
    <skipped/>
  </testcase> <!-- @BeforeMethod verifyAppointmentAddHomePage -->
  <testcase name="@BeforeMethod verifyAppointmentAddHomePage" time="0.0" classname="com.prm.scripts.AppointmentAddTestCase">
    <skipped/>
  </testcase> <!-- @BeforeMethod verifyAppointmentAddHomePage -->
  <testcase name="@BeforeMethod verifyAppointmentAddHomePage" time="0.0" classname="com.prm.scripts.AppointmentAddTestCase">
    <skipped/>
  </testcase> <!-- @BeforeMethod verifyAppointmentAddHomePage -->
  <testcase name="@BeforeMethod verifyAppointmentAddHomePage" time="0.0" classname="com.prm.scripts.AppointmentAddTestCase">
    <skipped/>
  </testcase> <!-- @BeforeMethod verifyAppointmentAddHomePage -->
  <testcase name="@BeforeMethod verifyAppointmentAddHomePage" time="0.0" classname="com.prm.scripts.AppointmentAddTestCase">
    <skipped/>
  </testcase> <!-- @BeforeMethod verifyAppointmentAddHomePage -->
  <testcase name="@BeforeMethod verifyAppointmentAddHomePage" time="0.0" classname="com.prm.scripts.AppointmentAddTestCase">
    <skipped/>
  </testcase> <!-- @BeforeMethod verifyAppointmentAddHomePage -->
  <testcase name="@BeforeMethod verifyAppointmentAddHomePage" time="0.0" classname="com.prm.scripts.AppointmentAddTestCase">
    <skipped/>
  </testcase> <!-- @BeforeMethod verifyAppointmentAddHomePage -->
  <testcase name="@BeforeMethod verifyAppointmentAddHomePage" time="0.0" classname="com.prm.scripts.AppointmentAddTestCase">
    <skipped/>
  </testcase> <!-- @BeforeMethod verifyAppointmentAddHomePage -->
  <testcase name="@BeforeMethod verifyAppointmentAddHomePage" time="0.0" classname="com.prm.scripts.AppointmentAddTestCase">
    <skipped/>
  </testcase> <!-- @BeforeMethod verifyAppointmentAddHomePage -->
  <testcase name="@BeforeMethod verifyAppointmentAddHomePage" time="0.0" classname="com.prm.scripts.AppointmentAddTestCase">
    <skipped/>
  </testcase> <!-- @BeforeMethod verifyAppointmentAddHomePage -->
  <testcase name="@BeforeMethod verifyAppointmentAddHomePage" time="0.0" classname="com.prm.scripts.AppointmentAddTestCase">
    <skipped/>
  </testcase> <!-- @BeforeMethod verifyAppointmentAddHomePage -->
  <testcase name="@BeforeMethod verifyAppointmentAddHomePage" time="0.0" classname="com.prm.scripts.AppointmentAddTestCase">
    <skipped/>
  </testcase> <!-- @BeforeMethod verifyAppointmentAddHomePage -->
  <testcase name="@BeforeMethod verifyAppointmentAddHomePage" time="0.0" classname="com.prm.scripts.AppointmentAddTestCase">
    <skipped/>
  </testcase> <!-- @BeforeMethod verifyAppointmentAddHomePage -->
  <testcase name="@BeforeMethod verifyAppointmentAddHomePage" time="0.0" classname="com.prm.scripts.AppointmentAddTestCase">
    <skipped/>
  </testcase> <!-- @BeforeMethod verifyAppointmentAddHomePage -->
  <testcase name="@BeforeMethod verifyAppointmentAddHomePage" time="0.0" classname="com.prm.scripts.AppointmentAddTestCase">
    <skipped/>
  </testcase> <!-- @BeforeMethod verifyAppointmentAddHomePage -->
  <testcase name="@BeforeMethod verifyAppointmentAddHomePage" time="0.0" classname="com.prm.scripts.AppointmentAddTestCase">
    <skipped/>
  </testcase> <!-- @BeforeMethod verifyAppointmentAddHomePage -->
  <testcase name="@BeforeMethod verifyAppointmentAddHomePage" time="0.0" classname="com.prm.scripts.AppointmentAddTestCase">
    <skipped/>
  </testcase> <!-- @BeforeMethod verifyAppointmentAddHomePage -->
  <testcase name="@BeforeMethod verifyAppointmentAddHomePage" time="0.0" classname="com.prm.scripts.AppointmentAddTestCase">
    <skipped/>
  </testcase> <!-- @BeforeMethod verifyAppointmentAddHomePage -->
  <testcase name="@BeforeMethod verifyAppointmentAddHomePage" time="0.0" classname="com.prm.scripts.AppointmentAddTestCase">
    <skipped/>
  </testcase> <!-- @BeforeMethod verifyAppointmentAddHomePage -->
  <testcase name="@BeforeMethod verifyAppointmentAddHomePage" time="0.0" classname="com.prm.scripts.AppointmentAddTestCase">
    <skipped/>
  </testcase> <!-- @BeforeMethod verifyAppointmentAddHomePage -->
  <testcase name="@AfterClass tearDown" time="0.0" classname="com.prm.scripts.AppointmentAddTestCase">
    <skipped/>
  </testcase> <!-- @AfterClass tearDown -->
  <testcase name="verificationOfAllElements" time="0.39" classname="com.prm.scripts.AppointmentAddTestCase">
    <failure type="java.lang.AssertionError" message="expected [true] but found [false]">
      <![CDATA[java.lang.AssertionError: expected [true] but found [false]
at com.prm.pageobject.AppointmentPage.chekingAllWebElementOnAppAddHp(AppointmentPage.java:274)
at com.prm.scripts.AppointmentAddTestCase.verificationOfAllElements(AppointmentAddTestCase.java:114)
at java.util.concurrent.ThreadPoolExecutor.runWorker(ThreadPoolExecutor.java:1149)
at java.util.concurrent.ThreadPoolExecutor$Worker.run(ThreadPoolExecutor.java:624)
at java.lang.Thread.run(Thread.java:748)
... Removed 14 stack frames]]>
    </failure>
  </testcase> <!-- verificationOfAllElements -->
  <testcase name="bookingAnNewAppointment" time="32.596" classname="com.prm.scripts.AppointmentAddTestCase">
    <failure type="org.openqa.selenium.TimeoutException" message="Expected condition failed: waiting for element to be clickable: [[ChromeDriver: chrome on XP (78b6ba6b656d3066597df3cd4324dbf2)] -&amp;gt; xpath: //div[@id=&amp;apos;clinicNameContainer&amp;apos;]//select[@id=&amp;apos;addressListContainer&amp;apos;]] (tried for 30 second(s) with 500 milliseconds interval)
Build info: version: &amp;apos;3.11.0&amp;apos;, revision: &amp;apos;e59cfb3&amp;apos;, time: &amp;apos;2018-03-11T20:33:15.31Z&amp;apos;
System info: host: &amp;apos;CONNSOL4&amp;apos;, ip: &amp;apos;192.168.1.227&amp;apos;, os.name: &amp;apos;Windows 8.1&amp;apos;, os.arch: &amp;apos;amd64&amp;apos;, os.version: &amp;apos;6.3&amp;apos;, java.version: &amp;apos;1.8.0_161&amp;apos;
Driver info: org.openqa.selenium.chrome.ChromeDriver
Capabilities {acceptInsecureCerts: false, acceptSslCerts: false, applicationCacheEnabled: false, browserConnectionEnabled: false, browserName: chrome, chrome: {chromedriverVersion: 2.36.540470 (e522d04694c7eb..., userDataDir: C:\Users\INSYS~1.CON\AppDat...}, cssSelectorsEnabled: true, databaseEnabled: false, handlesAlerts: true, hasTouchScreen: false, javascriptEnabled: true, locationContextEnabled: true, mobileEmulationEnabled: false, nativeEvents: true, networkConnectionEnabled: false, pageLoadStrategy: normal, platform: XP, platformName: XP, rotatable: false, setWindowRect: true, takesHeapSnapshot: true, takesScreenshot: true, unexpectedAlertBehaviour: , unhandledPromptBehavior: , version: 67.0.3396.99, webStorageEnabled: true}
Session ID: 78b6ba6b656d3066597df3cd4324dbf2">
      <![CDATA[org.openqa.selenium.TimeoutException: Expected condition failed: waiting for element to be clickable: [[ChromeDriver: chrome on XP (78b6ba6b656d3066597df3cd4324dbf2)] -> xpath: //div[@id='clinicNameContainer']//select[@id='addressListContainer']] (tried for 30 second(s) with 500 milliseconds interval)
Build info: version: '3.11.0', revision: 'e59cfb3', time: '2018-03-11T20:33:15.31Z'
System info: host: 'CONNSOL4', ip: '192.168.1.227', os.name: 'Windows 8.1', os.arch: 'amd64', os.version: '6.3', java.version: '1.8.0_161'
Driver info: org.openqa.selenium.chrome.ChromeDriver
Capabilities {acceptInsecureCerts: false, acceptSslCerts: false, applicationCacheEnabled: false, browserConnectionEnabled: false, browserName: chrome, chrome: {chromedriverVersion: 2.36.540470 (e522d04694c7eb..., userDataDir: C:\Users\INSYS~1.CON\AppDat...}, cssSelectorsEnabled: true, databaseEnabled: false, handlesAlerts: true, hasTouchScreen: false, javascriptEnabled: true, locationContextEnabled: true, mobileEmulationEnabled: false, nativeEvents: true, networkConnectionEnabled: false, pageLoadStrategy: normal, platform: XP, platformName: XP, rotatable: false, setWindowRect: true, takesHeapSnapshot: true, takesScreenshot: true, unexpectedAlertBehaviour: , unhandledPromptBehavior: , version: 67.0.3396.99, webStorageEnabled: true}
Session ID: 78b6ba6b656d3066597df3cd4324dbf2
at org.openqa.selenium.support.ui.WebDriverWait.timeoutException(WebDriverWait.java:81)
at org.openqa.selenium.support.ui.FluentWait.until(FluentWait.java:271)
at pageobjects.utils.PCDriver.waitForElementToBeClickable(PCDriver.java:158)
at com.prm.pageobject.AppointmentPage.selectClinicFromDropdown(AppointmentPage.java:302)
at com.prm.scripts.AppointmentAddTestCase.bookingAnNewAppointment(AppointmentAddTestCase.java:122)
at java.util.concurrent.ThreadPoolExecutor.runWorker(ThreadPoolExecutor.java:1149)
at java.util.concurrent.ThreadPoolExecutor$Worker.run(ThreadPoolExecutor.java:624)
at java.lang.Thread.run(Thread.java:748)
... Removed 10 stack frames]]>
    </failure>
  </testcase> <!-- bookingAnNewAppointment -->
  <testcase name="verificationAlreadyBookedSlotOfDoctor" time="0.0" classname="com.prm.scripts.AppointmentAddTestCase">
    <skipped/>
  </testcase> <!-- verificationAlreadyBookedSlotOfDoctor -->
  <testcase name="checkingWithoutEnteringAnyDataAndSave" time="0.373" classname="com.prm.scripts.AppointmentAddTestCase"/>
  <testcase name="verifyingCancelBtn" time="1.653" classname="com.prm.scripts.AppointmentAddTestCase"/>
  <testcase name="verifyingResetBtn" time="0.0" classname="com.prm.scripts.AppointmentAddTestCase">
    <skipped/>
  </testcase> <!-- verifyingResetBtn -->
  <testcase name="verificationOfByDefaultTimeInTimeSlot" time="0.0" classname="com.prm.scripts.AppointmentAddTestCase">
    <skipped/>
  </testcase> <!-- verificationOfByDefaultTimeInTimeSlot -->
  <testcase name="selectFutureDateAndVerifyingTheTimeSlotByDefaultTime" time="0.0" classname="com.prm.scripts.AppointmentAddTestCase">
    <skipped/>
  </testcase> <!-- selectFutureDateAndVerifyingTheTimeSlotByDefaultTime -->
  <testcase name="verificationOfAutoSelectingPatientFromSuggestion" time="0.0" classname="com.prm.scripts.AppointmentAddTestCase">
    <skipped/>
  </testcase> <!-- verificationOfAutoSelectingPatientFromSuggestion -->
  <testcase name="checkAfterAutoSelectEditable" time="0.0" classname="com.prm.scripts.AppointmentAddTestCase">
    <skipped/>
  </testcase> <!-- checkAfterAutoSelectEditable -->
  <testcase name="verifyByDefaultTimeInDurationTime" time="0.0" classname="com.prm.scripts.AppointmentAddTestCase">
    <skipped/>
  </testcase> <!-- verifyByDefaultTimeInDurationTime -->
  <testcase name="verrifyMobileStartWithZero" time="0.0" classname="com.prm.scripts.AppointmentAddTestCase">
    <skipped/>
  </testcase> <!-- verrifyMobileStartWithZero -->
  <testcase name="verifyWithInvalidEmailId" time="0.0" classname="com.prm.scripts.AppointmentAddTestCase">
    <skipped/>
  </testcase> <!-- verifyWithInvalidEmailId -->
  <testcase name="checkingFirstoperatoryByDEfaultSelectedOrNot" time="0.0" classname="com.prm.scripts.AppointmentAddTestCase">
    <skipped/>
  </testcase> <!-- checkingFirstoperatoryByDEfaultSelectedOrNot -->
  <testcase name="sameTimeTwoAppointmentIsNotPosibleOnSameOperatory" time="0.0" classname="com.prm.scripts.AppointmentAddTestCase">
    <skipped/>
  </testcase> <!-- sameTimeTwoAppointmentIsNotPosibleOnSameOperatory -->
  <testcase name="verifyAfterClickingOnGoToSchedulerBtn" time="0.0" classname="com.prm.scripts.AppointmentAddTestCase">
    <skipped/>
  </testcase> <!-- verifyAfterClickingOnGoToSchedulerBtn -->
  <testcase name="checkingAfterClickingOnGoToSchedulerYEsBtn" time="0.0" classname="com.prm.scripts.AppointmentAddTestCase">
    <skipped/>
  </testcase> <!-- checkingAfterClickingOnGoToSchedulerYEsBtn -->
  <testcase name="checkingTextualBoxIsApperedOrNotAfterClickingOnOtherFromChiefComplaints" time="0.0" classname="com.prm.scripts.AppointmentAddTestCase">
    <skipped/>
  </testcase> <!-- checkingTextualBoxIsApperedOrNotAfterClickingOnOtherFromChiefComplaints -->
  <testcase name="verifyIfBothOperatoryWillBeBookedThenThatTimeFromTimeSlotIsDisable" time="0.0" classname="com.prm.scripts.AppointmentAddTestCase">
    <skipped/>
  </testcase> <!-- verifyIfBothOperatoryWillBeBookedThenThatTimeFromTimeSlotIsDisable -->
  <testcase name="verifiTentativeCheckbox" time="0.0" classname="com.prm.scripts.AppointmentAddTestCase">
    <skipped/>
  </testcase> <!-- verifiTentativeCheckbox -->
  <testcase name="verifyAllWebElementOnEventAdd" time="0.0" classname="com.prm.scripts.AppointmentAddTestCase">
    <skipped/>
  </testcase> <!-- verifyAllWebElementOnEventAdd -->
  <testcase name="checkingWithoutMandatoryFields" time="0.0" classname="com.prm.scripts.AppointmentAddTestCase">
    <skipped/>
  </testcase> <!-- checkingWithoutMandatoryFields -->
  <testcase name="impactOfTitle" time="0.0" classname="com.prm.scripts.AppointmentAddTestCase">
    <skipped/>
  </testcase> <!-- impactOfTitle -->
  <testcase name="verifyBehaviourOfClinicDrpDwnOnEvent" time="0.0" classname="com.prm.scripts.AppointmentAddTestCase">
    <skipped/>
  </testcase> <!-- verifyBehaviourOfClinicDrpDwnOnEvent -->
  <testcase name="verifyBehaviourOfDoctorDrpDwnOnEvent" time="0.0" classname="com.prm.scripts.AppointmentAddTestCase">
    <skipped/>
  </testcase> <!-- verifyBehaviourOfDoctorDrpDwnOnEvent -->
  <testcase name="verifyBehaviourOfCategoryDrpDwnOnEvent" time="0.0" classname="com.prm.scripts.AppointmentAddTestCase">
    <skipped/>
  </testcase> <!-- verifyBehaviourOfCategoryDrpDwnOnEvent -->
  <testcase name="behaviourOfEventType" time="0.0" classname="com.prm.scripts.AppointmentAddTestCase">
    <skipped/>
  </testcase> <!-- behaviourOfEventType -->
  <testcase name="verifyDocIfAlreadyAppOnSameTime" time="0.0" classname="com.prm.scripts.AppointmentAddTestCase">
    <skipped/>
  </testcase> <!-- verifyDocIfAlreadyAppOnSameTime -->
  <testcase name="invalidTimeDuation" time="0.0" classname="com.prm.scripts.AppointmentAddTestCase">
    <skipped/>
  </testcase> <!-- invalidTimeDuation -->
  <testcase name="verifyResetBtn" time="0.0" classname="com.prm.scripts.AppointmentAddTestCase">
    <skipped/>
  </testcase> <!-- verifyResetBtn -->
  <testcase name="verifyCancelBtn" time="0.0" classname="com.prm.scripts.AppointmentAddTestCase">
    <skipped/>
  </testcase> <!-- verifyCancelBtn -->
  <testcase name="behaviourOfDateCalOnEvent" time="0.0" classname="com.prm.scripts.AppointmentAddTestCase">
    <skipped/>
  </testcase> <!-- behaviourOfDateCalOnEvent -->
  <testcase name="verifyEventTimeWhichNotAvailableOnScheduler" time="0.0" classname="com.prm.scripts.AppointmentAddTestCase">
    <skipped/>
  </testcase> <!-- verifyEventTimeWhichNotAvailableOnScheduler -->
  <testcase name="bookingAnAppointmentByUsingSchedulaerCalender" time="0.0" classname="com.prm.scripts.AppointmentAddTestCase">
    <ignored/>
  </testcase> <!-- bookingAnAppointmentByUsingSchedulaerCalender -->
</testsuite> <!-- Test1 -->
