<?xml version="1.0" encoding="UTF-8"?>
<!-- Generated by org.testng.reporters.JUnitXMLReporter -->
<testsuite ignored="24" hostname="IS-FLX5-UJ" failures="0" tests="6" name="ByDoctorEventTestCases" time="379.734" errors="0" timestamp="22 Mar 2023 08:47:23 GMT">
  <testcase classname="com.prm.scripts.EventTestCase" name="verifyAddingByDoctorEvent" time="50.491"/>
  <testcase classname="com.prm.scripts.EventTestCase" name="verifyAddEventIfTentativeAppointmentAlreadyBookedForTime" time="45.61"/>
  <testcase classname="com.prm.scripts.EventTestCase" name="verifyDocEventIfAlreadyEventOnSameTime" time="17.885"/>
  <testcase classname="com.prm.scripts.EventTestCase" name="verifyUpdateDoctorEvent" time="71.349"/>
  <testcase classname="com.prm.scripts.EventTestCase" name="verifyDeleteDoctorEvent" time="42.092"/>
  <testcase classname="com.prm.scripts.EventTestCase" name="verifyAddEventIfAppointmentAlreadyBookedForTime" time="35.247"/>
  <testcase classname="com.prm.scripts.EventTestCase" name="verifyDeleteByRoomEvent" time="0.0">
    <ignored/>
  </testcase> <!-- verifyDeleteByRoomEvent -->
  <testcase classname="com.prm.scripts.EventTestCase" name="verifyAddEventFromEventListingAndRedirection" time="0.0">
    <ignored/>
  </testcase> <!-- verifyAddEventFromEventListingAndRedirection -->
  <testcase classname="com.prm.scripts.EventTestCase" name="verifyEventTypeFilterWithDateFilter" time="0.0">
    <ignored/>
  </testcase> <!-- verifyEventTypeFilterWithDateFilter -->
  <testcase classname="com.prm.scripts.EventTestCase" name="verifyDeleteByScannerEvent" time="0.0">
    <ignored/>
  </testcase> <!-- verifyDeleteByScannerEvent -->
  <testcase classname="com.prm.scripts.EventTestCase" name="verifyCategoryFilterWithDateAndTypeFilter" time="0.0">
    <ignored/>
  </testcase> <!-- verifyCategoryFilterWithDateAndTypeFilter -->
  <testcase classname="com.prm.scripts.EventTestCase" name="checkFrmDateIsNotLaterToToDate" time="0.0">
    <ignored/>
  </testcase> <!-- checkFrmDateIsNotLaterToToDate -->
  <testcase classname="com.prm.scripts.EventTestCase" name="verifyElementOnEventList" time="0.0">
    <ignored/>
  </testcase> <!-- verifyElementOnEventList -->
  <testcase classname="com.prm.scripts.EventTestCase" name="verifyDoctorFilterWithDateFilterOnEventList" time="0.0">
    <ignored/>
  </testcase> <!-- verifyDoctorFilterWithDateFilterOnEventList -->
  <testcase classname="com.prm.scripts.EventTestCase" name="verifyUpdateByScannerEvent" time="0.0">
    <ignored/>
  </testcase> <!-- verifyUpdateByScannerEvent -->
  <testcase classname="com.prm.scripts.EventTestCase" name="verifyUpdateByRoomEvent" time="0.0">
    <ignored/>
  </testcase> <!-- verifyUpdateByRoomEvent -->
  <testcase classname="com.prm.scripts.EventTestCase" name="verifyDeleteByOperatoryEvent" time="0.0">
    <ignored/>
  </testcase> <!-- verifyDeleteByOperatoryEvent -->
  <testcase classname="com.prm.scripts.EventTestCase" name="verifyAddingEventOnLastOpearatoryAvailable" time="0.0">
    <ignored/>
  </testcase> <!-- verifyAddingEventOnLastOpearatoryAvailable -->
  <testcase classname="com.prm.scripts.EventTestCase" name="verifyAddingEventOnLastScannerAvailable" time="0.0">
    <ignored/>
  </testcase> <!-- verifyAddingEventOnLastScannerAvailable -->
  <testcase classname="com.prm.scripts.EventTestCase" name="verifyFrmAndToDateFilter" time="0.0">
    <ignored/>
  </testcase> <!-- verifyFrmAndToDateFilter -->
  <testcase classname="com.prm.scripts.EventTestCase" name="verifyByOperatoryEvent" time="0.0">
    <ignored/>
  </testcase> <!-- verifyByOperatoryEvent -->
  <testcase classname="com.prm.scripts.EventTestCase" name="verifyUpdateByOperatoryEvent" time="0.0">
    <ignored/>
  </testcase> <!-- verifyUpdateByOperatoryEvent -->
  <testcase classname="com.prm.scripts.EventTestCase" name="verifyResetBtnOnEventListing" time="0.0">
    <ignored/>
  </testcase> <!-- verifyResetBtnOnEventListing -->
  <testcase classname="com.prm.scripts.EventTestCase" name="verifyByRoomEvent" time="0.0">
    <ignored/>
  </testcase> <!-- verifyByRoomEvent -->
  <testcase classname="com.prm.scripts.EventTestCase" name="verifyAllWebElementOnEventAdd" time="0.0">
    <ignored/>
  </testcase> <!-- verifyAllWebElementOnEventAdd -->
  <testcase classname="com.prm.scripts.EventTestCase" name="verifyCancelAndResetBtnWorkingOnAddEvent" time="0.0">
    <ignored/>
  </testcase> <!-- verifyCancelAndResetBtnWorkingOnAddEvent -->
  <testcase classname="com.prm.scripts.EventTestCase" name="verifyHoursMinsutesAndDurationValidation" time="0.0">
    <ignored/>
  </testcase> <!-- verifyHoursMinsutesAndDurationValidation -->
  <testcase classname="com.prm.scripts.EventTestCase" name="checkingWithoutMandatoryFields" time="0.0">
    <ignored/>
  </testcase> <!-- checkingWithoutMandatoryFields -->
  <testcase classname="com.prm.scripts.EventTestCase" name="addingEventForPastTime" time="0.0">
    <ignored/>
  </testcase> <!-- addingEventForPastTime -->
  <testcase classname="com.prm.scripts.EventTestCase" name="verifyByScannerEvent" time="0.0">
    <ignored/>
  </testcase> <!-- verifyByScannerEvent -->
</testsuite> <!-- ByDoctorEventTestCases -->
