<?xml version="1.0" encoding="UTF-8"?>
<!-- Generated by org.testng.reporters.JUnitXMLReporter -->
<testsuite ignored="27" hostname="IS-FLX5-UJ" failures="1" tests="3" name="ByRoomEventTestCases" time="62.267" errors="0" timestamp="22 Mar 2023 12:42:00 GMT">
  <testcase classname="com.prm.scripts.EventTestCase" name="verifyByRoomEvent" time="45.486">
    <failure type="org.openqa.selenium.TimeoutException" message="Expected condition failed: waiting for title to be &amp;quot;Doctor Dashboard&amp;quot;. Current title: &amp;quot;Add Appointment/Event&amp;quot; (tried for 30 second(s) with 500 milliseconds interval)
Build info: version: &amp;apos;3.14.0&amp;apos;, revision: &amp;apos;aacccce0&amp;apos;, time: &amp;apos;2018-08-02T20:19:58.91Z&amp;apos;
System info: host: &amp;apos;IS-FLX5-UJ&amp;apos;, ip: &amp;apos;192.168.0.212&amp;apos;, os.name: &amp;apos;Windows 11&amp;apos;, os.arch: &amp;apos;amd64&amp;apos;, os.version: &amp;apos;10.0&amp;apos;, java.version: &amp;apos;17.0.4&amp;apos;
Driver info: org.openqa.selenium.chrome.ChromeDriver
Capabilities {acceptInsecureCerts: false, browserName: chrome, browserVersion: 107.0.5304.107, chrome: {chromedriverVersion: 107.0.5304.62 (1eec40d3a576..., userDataDir: C:\Users\UMESHJ~1\AppData\L...}, goog:chromeOptions: {debuggerAddress: localhost:55383}, javascriptEnabled: true, networkConnectionEnabled: false, pageLoadStrategy: normal, platform: WINDOWS, platformName: WINDOWS, proxy: Proxy(), setWindowRect: true, strictFileInteractability: false, timeouts: {implicit: 0, pageLoad: 300000, script: 30000}, unhandledPromptBehavior: dismiss and notify, webauthn:extension:credBlob: true, webauthn:extension:largeBlob: true, webauthn:virtualAuthenticators: true}
Session ID: 9fc6953e957fdcd8cdefe8346f0e863e">
      <![CDATA[org.openqa.selenium.TimeoutException: Expected condition failed: waiting for title to be "Doctor Dashboard". Current title: "Add Appointment/Event" (tried for 30 second(s) with 500 milliseconds interval)
Build info: version: '3.14.0', revision: 'aacccce0', time: '2018-08-02T20:19:58.91Z'
System info: host: 'IS-FLX5-UJ', ip: '192.168.0.212', os.name: 'Windows 11', os.arch: 'amd64', os.version: '10.0', java.version: '17.0.4'
Driver info: org.openqa.selenium.chrome.ChromeDriver
Capabilities {acceptInsecureCerts: false, browserName: chrome, browserVersion: 107.0.5304.107, chrome: {chromedriverVersion: 107.0.5304.62 (1eec40d3a576..., userDataDir: C:\Users\UMESHJ~1\AppData\L...}, goog:chromeOptions: {debuggerAddress: localhost:55383}, javascriptEnabled: true, networkConnectionEnabled: false, pageLoadStrategy: normal, platform: WINDOWS, platformName: WINDOWS, proxy: Proxy(), setWindowRect: true, strictFileInteractability: false, timeouts: {implicit: 0, pageLoad: 300000, script: 30000}, unhandledPromptBehavior: dismiss and notify, webauthn:extension:credBlob: true, webauthn:extension:largeBlob: true, webauthn:virtualAuthenticators: true}
Session ID: 9fc6953e957fdcd8cdefe8346f0e863e
at org.openqa.selenium.support.ui.WebDriverWait.timeoutException(WebDriverWait.java:113)
at org.openqa.selenium.support.ui.FluentWait.until(FluentWait.java:283)
at com.prm.pageobjects.utils.PCDriver.verifyPageTitle(PCDriver.java:345)
at com.prm.docdashboard.pageobject.BasePage.verifyPageTitle(BasePage.java:167)
at com.prm.scripts.EventTestCase.verifyByRoomEvent(EventTestCase.java:790)
... Removed 25 stack frames]]>
    </failure>
  </testcase> <!-- verifyByRoomEvent -->
  <testcase classname="com.prm.scripts.EventTestCase" name="verifyUpdateByRoomEvent" time="0.0">
    <skipped/>
  </testcase> <!-- verifyUpdateByRoomEvent -->
  <testcase classname="com.prm.scripts.EventTestCase" name="verifyDeleteByRoomEvent" time="0.0">
    <skipped/>
  </testcase> <!-- verifyDeleteByRoomEvent -->
  <testcase classname="com.prm.scripts.EventTestCase" name="verifyAddEventFromEventListingAndRedirection" time="0.0">
    <ignored/>
  </testcase> <!-- verifyAddEventFromEventListingAndRedirection -->
  <testcase classname="com.prm.scripts.EventTestCase" name="verifyElementOnEventList" time="0.0">
    <ignored/>
  </testcase> <!-- verifyElementOnEventList -->
  <testcase classname="com.prm.scripts.EventTestCase" name="verifyAddEventIfAppointmentAlreadyBookedForTime" time="0.0">
    <ignored/>
  </testcase> <!-- verifyAddEventIfAppointmentAlreadyBookedForTime -->
  <testcase classname="com.prm.scripts.EventTestCase" name="verifyDocEventIfAlreadyEventOnSameTime" time="0.0">
    <ignored/>
  </testcase> <!-- verifyDocEventIfAlreadyEventOnSameTime -->
  <testcase classname="com.prm.scripts.EventTestCase" name="verifyAddingEventOnLastScannerAvailable" time="0.0">
    <ignored/>
  </testcase> <!-- verifyAddingEventOnLastScannerAvailable -->
  <testcase classname="com.prm.scripts.EventTestCase" name="verifyAddingByDoctorEvent" time="0.0">
    <ignored/>
  </testcase> <!-- verifyAddingByDoctorEvent -->
  <testcase classname="com.prm.scripts.EventTestCase" name="verifyResetBtnOnEventListing" time="0.0">
    <ignored/>
  </testcase> <!-- verifyResetBtnOnEventListing -->
  <testcase classname="com.prm.scripts.EventTestCase" name="verifyCancelAndResetBtnWorkingOnAddEvent" time="0.0">
    <ignored/>
  </testcase> <!-- verifyCancelAndResetBtnWorkingOnAddEvent -->
  <testcase classname="com.prm.scripts.EventTestCase" name="verifyHoursMinsutesAndDurationValidation" time="0.0">
    <ignored/>
  </testcase> <!-- verifyHoursMinsutesAndDurationValidation -->
  <testcase classname="com.prm.scripts.EventTestCase" name="checkingWithoutMandatoryFields" time="0.0">
    <ignored/>
  </testcase> <!-- checkingWithoutMandatoryFields -->
  <testcase classname="com.prm.scripts.EventTestCase" name="addingEventForPastTime" time="0.0">
    <ignored/>
  </testcase> <!-- addingEventForPastTime -->
  <testcase classname="com.prm.scripts.EventTestCase" name="verifyEventTypeFilterWithDateFilter" time="0.0">
    <ignored/>
  </testcase> <!-- verifyEventTypeFilterWithDateFilter -->
  <testcase classname="com.prm.scripts.EventTestCase" name="verifyDeleteByScannerEvent" time="0.0">
    <ignored/>
  </testcase> <!-- verifyDeleteByScannerEvent -->
  <testcase classname="com.prm.scripts.EventTestCase" name="verifyCategoryFilterWithDateAndTypeFilter" time="0.0">
    <ignored/>
  </testcase> <!-- verifyCategoryFilterWithDateAndTypeFilter -->
  <testcase classname="com.prm.scripts.EventTestCase" name="checkFrmDateIsNotLaterToToDate" time="0.0">
    <ignored/>
  </testcase> <!-- checkFrmDateIsNotLaterToToDate -->
  <testcase classname="com.prm.scripts.EventTestCase" name="verifyUpdateDoctorEvent" time="0.0">
    <ignored/>
  </testcase> <!-- verifyUpdateDoctorEvent -->
  <testcase classname="com.prm.scripts.EventTestCase" name="verifyDoctorFilterWithDateFilterOnEventList" time="0.0">
    <ignored/>
  </testcase> <!-- verifyDoctorFilterWithDateFilterOnEventList -->
  <testcase classname="com.prm.scripts.EventTestCase" name="verifyUpdateByScannerEvent" time="0.0">
    <ignored/>
  </testcase> <!-- verifyUpdateByScannerEvent -->
  <testcase classname="com.prm.scripts.EventTestCase" name="verifyAddEventIfTentativeAppointmentAlreadyBookedForTime" time="0.0">
    <ignored/>
  </testcase> <!-- verifyAddEventIfTentativeAppointmentAlreadyBookedForTime -->
  <testcase classname="com.prm.scripts.EventTestCase" name="verifyDeleteByOperatoryEvent" time="0.0">
    <ignored/>
  </testcase> <!-- verifyDeleteByOperatoryEvent -->
  <testcase classname="com.prm.scripts.EventTestCase" name="verifyAddingEventOnLastOpearatoryAvailable" time="0.0">
    <ignored/>
  </testcase> <!-- verifyAddingEventOnLastOpearatoryAvailable -->
  <testcase classname="com.prm.scripts.EventTestCase" name="verifyDeleteDoctorEvent" time="0.0">
    <ignored/>
  </testcase> <!-- verifyDeleteDoctorEvent -->
  <testcase classname="com.prm.scripts.EventTestCase" name="verifyFrmAndToDateFilter" time="0.0">
    <ignored/>
  </testcase> <!-- verifyFrmAndToDateFilter -->
  <testcase classname="com.prm.scripts.EventTestCase" name="verifyByOperatoryEvent" time="0.0">
    <ignored/>
  </testcase> <!-- verifyByOperatoryEvent -->
  <testcase classname="com.prm.scripts.EventTestCase" name="verifyUpdateByOperatoryEvent" time="0.0">
    <ignored/>
  </testcase> <!-- verifyUpdateByOperatoryEvent -->
  <testcase classname="com.prm.scripts.EventTestCase" name="verifyAllWebElementOnEventAdd" time="0.0">
    <ignored/>
  </testcase> <!-- verifyAllWebElementOnEventAdd -->
  <testcase classname="com.prm.scripts.EventTestCase" name="verifyByScannerEvent" time="0.0">
    <ignored/>
  </testcase> <!-- verifyByScannerEvent -->
</testsuite> <!-- ByRoomEventTestCases -->
