<?xml version="1.0" encoding="UTF-8"?>
<!-- Generated by org.testng.reporters.JUnitXMLReporter -->
<testsuite ignored="0" hostname="IS-FLX5-UJ" failures="1" tests="8" name="Miscellaneous Call" time="373.378" errors="0" timestamp="04 Apr 2023 07:53:45 GMT">
  <testcase classname="com.prm.scripts.MiscellaneousCallTestCase" name="verifyDateFilter" time="19.51"/>
  <testcase classname="com.prm.scripts.MiscellaneousCallTestCase" name="verifyNameMobileSearchFilter" time="88.087"/>
  <testcase classname="com.prm.scripts.MiscellaneousCallTestCase" name="checkedMiscellaneousAddAndListUi" time="21.81"/>
  <testcase classname="com.prm.scripts.MiscellaneousCallTestCase" name="addMiscellaneousCall" time="11.173">
    <failure type="java.lang.AssertionError" message="expected [false] but found [true]">
      <![CDATA[java.lang.AssertionError: expected [false] but found [true]
at com.prm.docdashboard.pageobject.MiscellaneousCallListingPage.checkDateTimeMainList(MiscellaneousCallListingPage.java:177)
at com.prm.scripts.MiscellaneousCallTestCase.addMiscellaneousCall(MiscellaneousCallTestCase.java:159)
... Removed 29 stack frames]]>
    </failure>
  </testcase> <!-- addMiscellaneousCall -->
  <testcase classname="com.prm.scripts.MiscellaneousCallTestCase" name="checkValidationMsgsInNewMiscellaneousCall" time="18.841"/>
  <testcase classname="com.prm.scripts.MiscellaneousCallTestCase" name="checkAllButtonOnNewMiscellaneousCall" time="16.439"/>
  <testcase classname="com.prm.scripts.MiscellaneousCallTestCase" name="checkAllButtonOnMiscellaneousCallList" time="22.441"/>
  <testcase classname="com.prm.scripts.MiscellaneousCallTestCase" name="verifyDropDownFilterOnListing" time="148.209"/>
</testsuite> <!-- Miscellaneous Call -->
